<?xml version="1.0" encoding="UTF-8"?>
<!-- Generated by org.testng.reporters.JUnitReportReporter -->
<testsuite skipped="0" hostname="admin-PC" name="myapp.hometest" tests="4" failures="0" timestamp="31 Dec 2019 13:58:42 GMT" time="16.862" errors="0">
  <testcase name="womens" time="3.127" classname="myapp.hometest"/>
  <testcase name="Tshirts" time="0.188" classname="myapp.hometest"/>
  <testcase name="Dress" time="4.889" classname="myapp.hometest"/>
  <testcase name="wclick" time="8.658" classname="myapp.hometest"/>
</testsuite> <!-- myapp.hometest -->
